Determining if the pthread_create exist failed with the following output:
Change Dir: /home/liu/Multi_Robot_System/build_isolated/python_orocos_kdl/devel/CMakeFiles/CMakeTmp

Run Build Command:"/usr/bin/make" "cmTC_8a64d/fast"
/usr/bin/make -f CMakeFiles/cmTC_8a64d.dir/build.make CMakeFiles/cmTC_8a64d.dir/build
make[1]: 进入目录“/home/liu/Multi_Robot_System/build_isolated/python_orocos_kdl/devel/CMakeFiles/CMakeTmp”
Building C object CMakeFiles/cmTC_8a64d.dir/CheckSymbolExists.c.o
/usr/bin/cc    -o CMakeFiles/cmTC_8a64d.dir/CheckSymbolExists.c.o   -c /home/liu/Multi_Robot_System/build_isolated/python_orocos_kdl/devel/CMakeFiles/CMakeTmp/CheckSymbolExists.c
Linking C executable cmTC_8a64d
/usr/bin/cmake -E cmake_link_script CMakeFiles/cmTC_8a64d.dir/link.txt --verbose=1
/usr/bin/cc      -rdynamic CMakeFiles/cmTC_8a64d.dir/CheckSymbolExists.c.o  -o cmTC_8a64d 
CMakeFiles/cmTC_8a64d.dir/CheckSymbolExists.c.o：在函数‘main’中：
CheckSymbolExists.c:(.text+0x1b)：对‘pthread_create’未定义的引用
collect2: error: ld returned 1 exit status
CMakeFiles/cmTC_8a64d.dir/build.make:97: recipe for target 'cmTC_8a64d' failed
make[1]: *** [cmTC_8a64d] Error 1
make[1]: 离开目录“/home/liu/Multi_Robot_System/build_isolated/python_orocos_kdl/devel/CMakeFiles/CMakeTmp”
Makefile:126: recipe for target 'cmTC_8a64d/fast' failed
make: *** [cmTC_8a64d/fast] Error 2

File /home/liu/Multi_Robot_System/build_isolated/python_orocos_kdl/devel/CMakeFiles/CMakeTmp/CheckSymbolExists.c:
/* */
#include <pthread.h>

int main(int argc, char** argv)
{
  (void)argv;
#ifndef pthread_create
  return ((int*)(&pthread_create))[argc];
#else
  (void)argc;
  return 0;
#endif
}

Determining if the function pthread_create exists in the pthreads failed with the following output:
Change Dir: /home/liu/Multi_Robot_System/build_isolated/python_orocos_kdl/devel/CMakeFiles/CMakeTmp

Run Build Command:"/usr/bin/make" "cmTC_dcb39/fast"
/usr/bin/make -f CMakeFiles/cmTC_dcb39.dir/build.make CMakeFiles/cmTC_dcb39.dir/build
make[1]: 进入目录“/home/liu/Multi_Robot_System/build_isolated/python_orocos_kdl/devel/CMakeFiles/CMakeTmp”
Building C object CMakeFiles/cmTC_dcb39.dir/CheckFunctionExists.c.o
/usr/bin/cc   -DCHECK_FUNCTION_EXISTS=pthread_create   -o CMakeFiles/cmTC_dcb39.dir/CheckFunctionExists.c.o   -c /usr/share/cmake-3.10/Modules/CheckFunctionExists.c
Linking C executable cmTC_dcb39
/usr/bin/cmake -E cmake_link_script CMakeFiles/cmTC_dcb39.dir/link.txt --verbose=1
/usr/bin/cc  -DCHECK_FUNCTION_EXISTS=pthread_create    -rdynamic CMakeFiles/cmTC_dcb39.dir/CheckFunctionExists.c.o  -o cmTC_dcb39 -lpthreads 
/usr/bin/ld: 找不到 -lpthreads
collect2: error: ld returned 1 exit status
CMakeFiles/cmTC_dcb39.dir/build.make:97: recipe for target 'cmTC_dcb39' failed
make[1]: *** [cmTC_dcb39] Error 1
make[1]: 离开目录“/home/liu/Multi_Robot_System/build_isolated/python_orocos_kdl/devel/CMakeFiles/CMakeTmp”
Makefile:126: recipe for target 'cmTC_dcb39/fast' failed
make: *** [cmTC_dcb39/fast] Error 2


